Building DAG of jobs...
Job counts:
	count	jobs
	7	align
	1	all
	7	bam2bigwig_noSubstract
	7	fastp_trim_se
	7	filter_peaks
	7	genrich
	21	get_fastq_se
	7	peakAnnot
	64

[Tue Oct  6 19:22:41 2020]
Job 44: Copying fastq files /hpcnfs/techunits/genomics/PublicData/Pasini/dmangana/FASTQ/180227/Sample_OrgAPC_ATAC_rep1_S18204/OrgAPC_ATAC_rep1_S18204_GGACTC_L008_R1_002.fastq.gz


[Tue Oct  6 19:22:41 2020]
Job 59: Copying fastq files /hpcnfs/techunits/genomics/PublicData/Pasini/dmangana/FASTQ/180309/Sample_OrgbCAT_ATAC_rep1_S18267/OrgbCAT_ATAC_rep1_S18267_CGTACT_L008_R1_001.fastq.gz


[Tue Oct  6 19:22:41 2020]
Job 55: Copying fastq files /hpcnfs/techunits/genomics/PublicData/Pasini/dmangana/FASTQ/180227/Sample_OrgWT_plusWNT_ATAC_rep1_S18205/OrgWT_plusWNT_ATAC_rep1_S18205_CGTACT_L008_R1_004.fastq.gz


[Tue Oct  6 19:22:41 2020]
Job 54: Copying fastq files /hpcnfs/techunits/genomics/PublicData/Pasini/dmangana/FASTQ/180227/Sample_OrgWT_plusWNT_ATAC_rep1_S18205/OrgWT_plusWNT_ATAC_rep1_S18205_CGTACT_L008_R1_003.fastq.gz


[Tue Oct  6 19:22:41 2020]
Job 53: Copying fastq files /hpcnfs/techunits/genomics/PublicData/Pasini/dmangana/FASTQ/180227/Sample_OrgWT_plusWNT_ATAC_rep1_S18205/OrgWT_plusWNT_ATAC_rep1_S18205_CGTACT_L008_R1_002.fastq.gz


[Tue Oct  6 19:22:41 2020]
Job 62: Copying fastq files /hpcnfs/techunits/genomics/PublicData/Pasini/dmangana/FASTQ/190320_A00302_0059_AH53NCDRXX/Sample_S21755_OrgCTNNB1_ATAC-rep1b/S21755_OrgCTNNB1_ATAC-rep1b_S20_L002_R1_001.fastq.gz


[Tue Oct  6 19:22:41 2020]
Job 51: Copying fastq files /hpcnfs/techunits/genomics/PublicData/Pasini/dmangana/FASTQ/190320_A00302_0059_AH53NCDRXX/Sample_S21756_OrgAPC_ATAC-rep1b/S21756_OrgAPC_ATAC-rep1b_S21_L001_R1_001.fastq.gz


[Tue Oct  6 19:22:41 2020]
Job 45: Copying fastq files /hpcnfs/techunits/genomics/PublicData/Pasini/dmangana/FASTQ/180227/Sample_OrgAPC_ATAC_rep1_S18204/OrgAPC_ATAC_rep1_S18204_GGACTC_L008_R1_003.fastq.gz


[Tue Oct  6 19:22:41 2020]
Job 46: Copying fastq files /hpcnfs/techunits/genomics/PublicData/Pasini/dmangana/FASTQ/180227/Sample_OrgAPC_ATAC_rep1_S18204/OrgAPC_ATAC_rep1_S18204_GGACTC_L008_R1_004.fastq.gz


[Tue Oct  6 19:22:41 2020]
Job 63: Copying fastq files /hpcnfs/techunits/genomics/PublicData/Pasini/dmangana/FASTQ/190320_A00302_0059_AH53NCDRXX/Sample_S21781_Org_CTNNB1_ATAC_rep1c/S21781_Org_CTNNB1_ATAC_rep1c_S22_L002_R1_001.fastq.gz


[Tue Oct  6 19:22:41 2020]
Job 60: Copying fastq files /hpcnfs/techunits/genomics/PublicData/Pasini/dmangana/FASTQ/180309/Sample_OrgbCAT_ATAC_rep1_S18267/OrgbCAT_ATAC_rep1_S18267_CGTACT_L008_R1_002.fastq.gz


[Tue Oct  6 19:22:41 2020]
Job 43: Copying fastq files /hpcnfs/techunits/genomics/PublicData/Pasini/dmangana/FASTQ/180227/Sample_OrgAPC_ATAC_rep1_S18204/OrgAPC_ATAC_rep1_S18204_GGACTC_L008_R1_001.fastq.gz


[Tue Oct  6 19:22:41 2020]
Job 52: Copying fastq files /hpcnfs/techunits/genomics/PublicData/Pasini/dmangana/FASTQ/180227/Sample_OrgWT_plusWNT_ATAC_rep1_S18205/OrgWT_plusWNT_ATAC_rep1_S18205_CGTACT_L008_R1_001.fastq.gz


[Tue Oct  6 19:22:41 2020]
Job 61: Copying fastq files /hpcnfs/techunits/genomics/PublicData/Pasini/dmangana/FASTQ/180323/Sample_OrgbCAT_ATAC_rep1_S18267/OrgbCAT_ATAC_rep1_S18267_S16_L001_R1_001.fastq.gz


[Tue Oct  6 19:22:41 2020]
Job 49: Copying fastq files /hpcnfs/techunits/genomics/PublicData/Pasini/dmangana/FASTQ/180227/Sample_OrgAPC_ATAC_rep1_S18204/OrgAPC_ATAC_rep1_S18204_GGACTC_L008_R1_007.fastq.gz


[Tue Oct  6 19:22:41 2020]
Job 58: Copying fastq files /hpcnfs/techunits/genomics/PublicData/Pasini/dmangana/FASTQ/190320_A00302_0059_AH53NCDRXX/Sample_S21754_OrgWTplusWNT_ATAC-rep1b/S21754_OrgWTplusWNT_ATAC-rep1b_S19_L002_R1_001.fastq.gz


[Tue Oct  6 19:22:41 2020]
Job 57: Copying fastq files /hpcnfs/techunits/genomics/PublicData/Pasini/dmangana/FASTQ/180227/Sample_OrgWT_plusWNT_ATAC_rep1_S18205/OrgWT_plusWNT_ATAC_rep1_S18205_CGTACT_L008_R1_006.fastq.gz


[Tue Oct  6 19:22:41 2020]
Job 50: Copying fastq files /hpcnfs/techunits/genomics/PublicData/Pasini/dmangana/FASTQ/180227/Sample_OrgAPC_ATAC_rep1_S18204/OrgAPC_ATAC_rep1_S18204_GGACTC_L008_R1_008.fastq.gz


[Tue Oct  6 19:22:41 2020]
Job 47: Copying fastq files /hpcnfs/techunits/genomics/PublicData/Pasini/dmangana/FASTQ/180227/Sample_OrgAPC_ATAC_rep1_S18204/OrgAPC_ATAC_rep1_S18204_GGACTC_L008_R1_005.fastq.gz


[Tue Oct  6 19:22:41 2020]
Job 48: Copying fastq files /hpcnfs/techunits/genomics/PublicData/Pasini/dmangana/FASTQ/180227/Sample_OrgAPC_ATAC_rep1_S18204/OrgAPC_ATAC_rep1_S18204_GGACTC_L008_R1_006.fastq.gz


[Tue Oct  6 19:22:41 2020]
Job 56: Copying fastq files /hpcnfs/techunits/genomics/PublicData/Pasini/dmangana/FASTQ/180227/Sample_OrgWT_plusWNT_ATAC_rep1_S18205/OrgWT_plusWNT_ATAC_rep1_S18205_CGTACT_L008_R1_005.fastq.gz


[Tue Oct  6 19:22:41 2020]
Job 38: Processing fastq files from fastq/WTp-rep1-lane1.fastq.gz fastq/WTp-rep1-lane2.fastq.gz fastq/WTp-rep1-lane3.fastq.gz fastq/WTp-rep1-lane4.fastq.gz fastq/WTp-rep1-lane5.fastq.gz fastq/WTp-rep1-lane6.fastq.gz


[Tue Oct  6 19:22:41 2020]
Job 36: Processing fastq files from fastq/APC-rep1-lane1.fastq.gz fastq/APC-rep1-lane2.fastq.gz fastq/APC-rep1-lane3.fastq.gz fastq/APC-rep1-lane4.fastq.gz fastq/APC-rep1-lane5.fastq.gz fastq/APC-rep1-lane6.fastq.gz fastq/APC-rep1-lane7.fastq.gz fastq/APC-rep1-lane8.fastq.gz


[Tue Oct  6 19:22:41 2020]
Job 41: Processing fastq files from fastq/bCAT-rep1b-lane1.fastq.gz


[Tue Oct  6 19:22:41 2020]
Job 37: Processing fastq files from fastq/APC-rep2-lane1.fastq.gz


[Tue Oct  6 19:22:41 2020]
Job 42: Processing fastq files from fastq/bCAT-rep1c-lane1.fastq.gz


[Tue Oct  6 19:22:41 2020]
Job 40: Processing fastq files from fastq/bCAT-rep1-lane1.fastq.gz fastq/bCAT-rep1-lane2.fastq.gz fastq/bCAT-rep1-lane3.fastq.gz


[Tue Oct  6 19:22:41 2020]
Job 39: Processing fastq files from fastq/WTp-rep2-lane1.fastq.gz


[Tue Oct  6 19:22:41 2020]
rule align:
    input: fastq/WTp-rep2.se.fastq
    output: results/02_bam/WTp-rep2/WTp-rep2.bam, results/02_bam/WTp-rep2/WTp-rep2.bam.bai
    log: results/00_log/align/WTp-rep2_align.log, results/00_log/align/WTp-rep2_rm-dup.log, results/00_log/align/WTp-rep2_index.log
    jobid: 25
    wildcards: sample=WTp-rep2
    threads: 10


[Tue Oct  6 19:22:41 2020]
rule align:
    input: fastq/APC-rep1.se.fastq
    output: results/02_bam/APC-rep1/APC-rep1.bam, results/02_bam/APC-rep1/APC-rep1.bam.bai
    log: results/00_log/align/APC-rep1_align.log, results/00_log/align/APC-rep1_rm-dup.log, results/00_log/align/APC-rep1_index.log
    jobid: 22
    wildcards: sample=APC-rep1
    threads: 10


[Tue Oct  6 19:22:41 2020]
rule align:
    input: fastq/WTp-rep1.se.fastq
    output: results/02_bam/WTp-rep1/WTp-rep1.bam, results/02_bam/WTp-rep1/WTp-rep1.bam.bai
    log: results/00_log/align/WTp-rep1_align.log, results/00_log/align/WTp-rep1_rm-dup.log, results/00_log/align/WTp-rep1_index.log
    jobid: 24
    wildcards: sample=WTp-rep1
    threads: 10


[Tue Oct  6 19:22:41 2020]
rule align:
    input: fastq/bCAT-rep1.se.fastq
    output: results/02_bam/bCAT-rep1/bCAT-rep1.bam, results/02_bam/bCAT-rep1/bCAT-rep1.bam.bai
    log: results/00_log/align/bCAT-rep1_align.log, results/00_log/align/bCAT-rep1_rm-dup.log, results/00_log/align/bCAT-rep1_index.log
    jobid: 26
    wildcards: sample=bCAT-rep1
    threads: 10


[Tue Oct  6 19:22:41 2020]
rule align:
    input: fastq/bCAT-rep1b.se.fastq
    output: results/02_bam/bCAT-rep1b/bCAT-rep1b.bam, results/02_bam/bCAT-rep1b/bCAT-rep1b.bam.bai
    log: results/00_log/align/bCAT-rep1b_align.log, results/00_log/align/bCAT-rep1b_rm-dup.log, results/00_log/align/bCAT-rep1b_index.log
    jobid: 27
    wildcards: sample=bCAT-rep1b
    threads: 10


[Tue Oct  6 19:22:41 2020]
rule align:
    input: fastq/bCAT-rep1c.se.fastq
    output: results/02_bam/bCAT-rep1c/bCAT-rep1c.bam, results/02_bam/bCAT-rep1c/bCAT-rep1c.bam.bai
    log: results/00_log/align/bCAT-rep1c_align.log, results/00_log/align/bCAT-rep1c_rm-dup.log, results/00_log/align/bCAT-rep1c_index.log
    jobid: 28
    wildcards: sample=bCAT-rep1c
    threads: 10


[Tue Oct  6 19:22:41 2020]
rule align:
    input: fastq/APC-rep2.se.fastq
    output: results/02_bam/APC-rep2/APC-rep2.bam, results/02_bam/APC-rep2/APC-rep2.bam.bai
    log: results/00_log/align/APC-rep2_align.log, results/00_log/align/APC-rep2_rm-dup.log, results/00_log/align/APC-rep2_index.log
    jobid: 23
    wildcards: sample=APC-rep2
    threads: 10


[Tue Oct  6 19:22:41 2020]
rule genrich:
    input: results/02_bam/WTp-rep1/WTp-rep1.bam
    output: results/03_genrich/WTp-rep1/WTp-rep1_peaks.narrowPeak
    log: results/00_log/genrich/WTp-rep1_peakcalling.log
    jobid: 3
    wildcards: sample=WTp-rep1
    threads: 5

InputFunctionException in line 5 of /hpcnfs/scratch/DP/amitjavila/amitjavila/pipelines/development/atacseq_snakemake/workflow/rules/bam2bw.smk:
KeyError: 'APC-rep2/APC-rep2'
Wildcards:
sample=APC-rep2/APC-rep2
